<?xml version="1.0" encoding="UTF-8"?>
<!-- Generated by org.testng.reporters.JUnitXMLReporter -->
<testsuite ignored="0" hostname="DESKTOP-JJ3CRKH" failures="1" tests="1" name="LoginTest_chrome" time="44.81" errors="0" timestamp="2022-07-10T16:13:06 IST">
  <testcase classname="com.Test.LoginTest" name="verifylogin" time="1.87">
    <failure type="java.lang.AssertionError" message="expected [true] but found [false]">
      <![CDATA[java.lang.AssertionError: expected [true] but found [false]
at com.Test.LoginTest.verifylogin(LoginTest.java:23)
at java.base/java.util.ArrayList.forEach(ArrayList.java:1511)
... Removed 29 stack frames]]>
    </failure>
  </testcase> <!-- verifylogin -->
</testsuite> <!-- LoginTest_chrome -->
