<?xml version="1.0" encoding="UTF-8"?>
<!-- Generated by org.testng.reporters.JUnitXMLReporter -->
<testsuite ignored="0" hostname="DESKTOP-JJ3CRKH" failures="0" tests="1" name="LoginTest" time="0.288" errors="0" timestamp="2022-07-09T23:28:21 IST">
  <testcase classname="com.Utility.BaseClass" name="@BeforeMethod SetUp" time="-1.657389501487E9">
    <failure type="org.testng.TestNGException" message="
Parameter &amp;apos;BrowserName&amp;apos; is required by BeforeMethod on method SetUp but has not been marked @Optional or defined
in C:\Users\DELL\eclipse-workspace\Facebook_Login\testng.xml">
      <![CDATA[org.testng.TestNGException: 
Parameter 'BrowserName' is required by BeforeMethod on method SetUp but has not been marked @Optional or defined
in C:\Users\DELL\eclipse-workspace\Facebook_Login\testng.xml
at java.base/java.util.ArrayList.forEach(ArrayList.java:1511)
... Removed 28 stack frames]]>
    </failure>
  </testcase> <!-- @BeforeMethod SetUp -->
  <testcase classname="com.Utility.BaseClass" name="@AfterMethod tearDown" time="-1.657389501597E9">
    <skipped/>
  </testcase> <!-- @AfterMethod tearDown -->
  <testcase classname="com.Test.LoginTest" name="verifylogin" time="0.0">
    <skipped/>
  </testcase> <!-- verifylogin -->
</testsuite> <!-- LoginTest -->
